C51 COMPILER V9.54   MIAN                                                                  02/04/2023 20:31:03 PAGE 1   


C51 COMPILER V9.54, COMPILATION OF MODULE MIAN
OBJECT MODULE PLACED IN .\Objects\mian.obj
COMPILER INVOKED BY: D:\Keil_v5\C51\BIN\C51.EXE mian.c OPTIMIZE(8,SPEED) BROWSE DEBUG OBJECTEXTEND PRINT(.\Listings\mian
                    -.lst) TABS(2) OBJECT(.\Objects\mian.obj)

line level    source

   1          #include<reg52.h>
   2          #include<intrins.h>
   3          unsigned char code dispbitcode[]={0xC0,0xF9,0xA4,0xB0,0x99,0x92,0x82,0xF8,0x80,0x90};//共阳极段码
   4          unsigned char com[]={0x01,0x02,0x04,0x08};//位选地址
   5          unsigned char dispbuf[3];
   6          unsigned char sign;
   7          unsigned char digital;
   8          unsigned int flag=0;
   9          double T;
  10          double U;
  11          int TT;
  12          
  13          sbit ST=P3^0;
  14          sbit OE=P3^1;
  15          sbit EOC=P3^5;
  16          sbit CLK=P3^3;
  17          sbit ALARM=P3^4;
  18          sbit STOP=P3^2;
  19          sbit MOTOR=P3^6;
  20          
  21          void TimeInitial();
  22          void intInitial();
  23          void Delay(unsigned int i);
  24          void Display(int t);
  25          double func(double U,int a);
  26          
  27          void main(){
  28   1          TimeInitial();  intInitial();
  29   1          CLK=0;  ALARM=0;  MOTOR=0;
  30   1          while(1)
  31   1          {
  32   2            ST=0;ST=1;ST=0;
  33   2            while(EOC==0);
  34   2            OE=1;
  35   2            digital=P0;
  36   2            OE=0;
  37   2      
  38   2            U=digital*5.0/255.0-2.5;
  39   2            T=0.4705*func(U,5)+0.2617*func(U,4)-0.1288*func(U,3)+0.7678*func(U,2)+18.38*U+24.687;
  40   2            
  41   2            if(T>60){
  42   3              MOTOR=1;
  43   3              if(!flag) ALARM=1;
  44   3            }
  45   2            else ALARM=MOTOR=flag=0;
  46   2            
  47   2            if(T>0) TT=T+0.5;
  48   2            else    TT=T-0.5;
  49   2      
  50   2            if(TT>=0) sign=0xC0;
  51   2            else{     sign=0xBF;  TT=0-TT;}
  52   2      
  53   2            Display(TT);
  54   2          }
C51 COMPILER V9.54   MIAN                                                                  02/04/2023 20:31:03 PAGE 2   

  55   1      }
  56          
  57          void TimeInitial(){ 
  58   1        TMOD=0x10;
  59   1        TH1=(65536-200)/256;
  60   1        TL1=(65536-200)%256;
  61   1        EA=1;
  62   1        ET1=1;
  63   1        TR1=1;
  64   1      }
  65          
  66          void intInitial(){
  67   1        IT0=0;
  68   1        EA=1;
  69   1        EX0=1;
  70   1      }
  71          
  72          void Display(int t){ 
  73   1        dispbuf[0]=t%10;        //取个位
  74   1        dispbuf[1]=(t/10)%10;   //取十位
  75   1        dispbuf[2]=(t/100)%10;  //取百位
  76   1        
  77   1        P2=com[0];
  78   1        P1=sign;
  79   1        Delay(5);
  80   1      
  81   1        P2=com[1];
  82   1        P1=dispbitcode[dispbuf[2]];
  83   1        Delay(5); 
  84   1      
  85   1        P2=com[2];
  86   1        P1=dispbitcode[dispbuf[1]];
  87   1        Delay(5);
  88   1      
  89   1        P2=com[3];
  90   1        P1=dispbitcode[dispbuf[0]];
  91   1        Delay(5);
  92   1      }
  93          
  94          double func(double U,int a){
  95   1        double UU=1;
  96   1        while(a){
  97   2          UU=UU*U;
  98   2          a--;
  99   2        }
 100   1        return UU;
 101   1      }
 102          
 103          void Delay(unsigned int i){
 104   1        unsigned int j;
 105   1        for(;i>0;i--)
 106   1        {
 107   2          for(j=0;j<125;j++){;}
 108   2        }
 109   1      }
 110          
 111          void t1(void) interrupt 3 using 0{
 112   1        TH1=(65536-200)/256;
 113   1        TL1=(65536-200)%256;
 114   1        CLK=~CLK;
 115   1      }
 116          
C51 COMPILER V9.54   MIAN                                                                  02/04/2023 20:31:03 PAGE 3   

 117          void int0(void) interrupt 0 using 0{
 118   1        ALARM=0;
 119   1        flag=1;
 120   1      }


MODULE INFORMATION:   STATIC OVERLAYABLE
   CODE SIZE        =    680    ----
   CONSTANT SIZE    =     10    ----
   XDATA SIZE       =   ----    ----
   PDATA SIZE       =   ----    ----
   DATA SIZE        =     21      10
   IDATA SIZE       =   ----    ----
   BIT SIZE         =   ----    ----
END OF MODULE INFORMATION.


C51 COMPILATION COMPLETE.  0 WARNING(S),  0 ERROR(S)
